{
  "stats": {
    "suites": 2,
    "tests": 7,
    "passes": 7,
    "pending": 0,
    "failures": 0,
    "start": "2025-12-02T01:38:42.336Z",
    "end": "2025-12-02T01:39:19.284Z",
    "duration": 36948,
    "testsRegistered": 7,
    "passPercent": 100,
    "pendingPercent": 0,
    "other": 0,
    "hasOther": false,
    "skipped": 0,
    "hasSkipped": false
  },
  "results": [
    {
      "uuid": "43b5cdd4-13b9-4f92-9f01-d8688a21c7f4",
      "title": "",
      "fullFile": "",
      "file": "",
      "beforeHooks": [],
      "afterHooks": [],
      "tests": [],
      "suites": [
        {
          "uuid": "012b4da9-a478-4bcf-84a0-7a41c662b8d9",
          "title": "Pruebas de Login",
          "fullFile": "C:\\Users\\LENOVO\\OneDrive\\Escritorio\\ITLA\\5to Cuatrimestre\\Programacion III\\codigos\\Tarea4\\tests\\01_login.test.js",
          "file": "\\tests\\01_login.test.js",
          "beforeHooks": [
            {
              "title": "\"before all\" hook in \"Pruebas de Login\"",
              "fullTitle": "Pruebas de Login \"before all\" hook in \"Pruebas de Login\"",
              "timedOut": false,
              "duration": 3718,
              "state": null,
              "speed": null,
              "pass": false,
              "fail": false,
              "pending": false,
              "context": null,
              "code": "driver = await buildDriver();",
              "err": {},
              "uuid": "4f08a3a6-3d54-4775-9101-606aadbc8462",
              "parentUUID": "012b4da9-a478-4bcf-84a0-7a41c662b8d9",
              "isHook": true,
              "skipped": false
            }
          ],
          "afterHooks": [
            {
              "title": "\"after all\" hook in \"Pruebas de Login\"",
              "fullTitle": "Pruebas de Login \"after all\" hook in \"Pruebas de Login\"",
              "timedOut": false,
              "duration": 569,
              "state": null,
              "speed": null,
              "pass": false,
              "fail": false,
              "pending": false,
              "context": null,
              "code": "if (driver) await driver.quit();",
              "err": {},
              "uuid": "91819b43-f7f5-45f9-8a3e-cd8ef1103174",
              "parentUUID": "012b4da9-a478-4bcf-84a0-7a41c662b8d9",
              "isHook": true,
              "skipped": false
            }
          ],
          "tests": [
            {
              "title": "Camino feliz: iniciar sesión correctamente",
              "fullTitle": "Pruebas de Login Camino feliz: iniciar sesión correctamente",
              "timedOut": false,
              "duration": 2605,
              "state": "passed",
              "speed": "slow",
              "pass": true,
              "fail": false,
              "pending": false,
              "context": null,
              "code": "await driver.get(\"http://localhost:3000/login\");\nawait driver.findElement(By.name(\"username\")).sendKeys(\"admin1\");\nawait driver.findElement(By.name(\"password\")).sendKeys(\"1234567\");\nawait driver.findElement(By.css(\"button[type=submit]\")).click();\nawait driver.wait(until.urlIs(\"http://localhost:3000/\"), 5000);\nconst image = await driver.takeScreenshot();\nfs.writeFileSync(\"./tests/screenshots/login_ok.png\", image, \"base64\");",
              "err": {},
              "uuid": "9043ccd4-ebeb-417f-b6b9-370b84429547",
              "parentUUID": "012b4da9-a478-4bcf-84a0-7a41c662b8d9",
              "isHook": false,
              "skipped": false
            },
            {
              "title": "Prueba negativa: contraseña incorrecta",
              "fullTitle": "Pruebas de Login Prueba negativa: contraseña incorrecta",
              "timedOut": false,
              "duration": 8334,
              "state": "passed",
              "speed": "slow",
              "pass": true,
              "fail": false,
              "pending": false,
              "context": null,
              "code": "await driver.get(\"http://localhost:3000/logout\");\nawait driver.get(\"http://localhost:3000/login\");\nawait driver.findElement(By.name(\"username\")).sendKeys(\"admin1\");\nawait driver.findElement(By.name(\"password\")).sendKeys(\"wrongpass\");\nawait driver.findElement(By.css(\"button[type=submit]\")).click();\n// 🔥 Esperar a que exista el div.alert\nconst alert = await driver.wait(\n  until.elementLocated(By.css(\".alert\")),\n  10000 // más tiempo\n);\n// 🔥 Esperar que alert tenga texto (render completo)\nawait driver.wait(async () => {\n  const txt = await alert.getText();\n  return txt.trim().length > 0;\n}, 5000);\nconst text = await alert.getText();\nif (!text.includes(\"incorrecta\") && !text.includes(\"no encontrado\")) {\n  throw new Error(\"Mensaje incorrecto\");\n}\nconst image = await driver.takeScreenshot();\nfs.writeFileSync(\"./tests/screenshots/login_fail.png\", image, \"base64\");",
              "err": {},
              "uuid": "86a7f974-0ac7-4d40-8253-112d05c0115a",
              "parentUUID": "012b4da9-a478-4bcf-84a0-7a41c662b8d9",
              "isHook": false,
              "skipped": false
            }
          ],
          "suites": [],
          "passes": [
            "9043ccd4-ebeb-417f-b6b9-370b84429547",
            "86a7f974-0ac7-4d40-8253-112d05c0115a"
          ],
          "failures": [],
          "pending": [],
          "skipped": [],
          "duration": 10939,
          "root": false,
          "rootEmpty": false,
          "_timeout": 20000
        },
        {
          "uuid": "68e2c7bf-24c2-4b21-877d-b2c784c107a1",
          "title": "Pruebas CRUD de Cursos",
          "fullFile": "C:\\Users\\LENOVO\\OneDrive\\Escritorio\\ITLA\\5to Cuatrimestre\\Programacion III\\codigos\\Tarea4\\tests\\02_cursos.test.js",
          "file": "\\tests\\02_cursos.test.js",
          "beforeHooks": [
            {
              "title": "\"before all\" hook in \"Pruebas CRUD de Cursos\"",
              "fullTitle": "Pruebas CRUD de Cursos \"before all\" hook in \"Pruebas CRUD de Cursos\"",
              "timedOut": false,
              "duration": 5458,
              "state": null,
              "speed": null,
              "pass": false,
              "fail": false,
              "pending": false,
              "context": null,
              "code": "driver = await buildDriver();\n// Login antes de trabajar CRUD\nawait driver.get(\"http://localhost:3000/login\");\nawait driver.findElement(By.name(\"username\")).sendKeys(\"admin1\");\nawait driver.findElement(By.name(\"password\")).sendKeys(\"1234567\");\nawait driver.findElement(By.css(\"button[type=submit]\")).click();\nawait driver.wait(until.urlIs(\"http://localhost:3000/\"), 5000);",
              "err": {},
              "uuid": "1ab52944-bbf8-4cd0-a73f-aabca854b4ab",
              "parentUUID": "68e2c7bf-24c2-4b21-877d-b2c784c107a1",
              "isHook": true,
              "skipped": false
            }
          ],
          "afterHooks": [
            {
              "title": "\"after all\" hook in \"Pruebas CRUD de Cursos\"",
              "fullTitle": "Pruebas CRUD de Cursos \"after all\" hook in \"Pruebas CRUD de Cursos\"",
              "timedOut": false,
              "duration": 1909,
              "state": null,
              "speed": null,
              "pass": false,
              "fail": false,
              "pending": false,
              "context": null,
              "code": "if (driver) await driver.quit();",
              "err": {},
              "uuid": "2ef5d355-c401-4c2d-a045-1f0d3e4dc8ab",
              "parentUUID": "68e2c7bf-24c2-4b21-877d-b2c784c107a1",
              "isHook": true,
              "skipped": false
            }
          ],
          "tests": [
            {
              "title": "Crear curso correctamente",
              "fullTitle": "Pruebas CRUD de Cursos Crear curso correctamente",
              "timedOut": false,
              "duration": 2990,
              "state": "passed",
              "speed": "slow",
              "pass": true,
              "fail": false,
              "pending": false,
              "context": null,
              "code": "await driver.get(\"http://localhost:3000/cursos\");\nawait driver.findElement(By.id(\"btn-nuevo\")).click();\nawait driver.sleep(500);\nawait driver.findElement(By.name(\"nombre\")).sendKeys(\"Curso Selenium\");\nawait driver.findElement(By.name(\"duracion\")).sendKeys(\"10\");\nawait driver.findElement(By.name(\"instructor\")).sendKeys(\"Profesor X\");\nawait driver.findElement(By.name(\"precio\")).sendKeys(\"1200\");\n// Guardar\nawait driver.findElement(By.id(\"btn-guardar-curso\")).click();\nawait driver.sleep(1500);\nconst image = await driver.takeScreenshot();\nfs.writeFileSync(\n  \"./tests/screenshots/cursos_create_ok.png\",\n  image,\n  \"base64\"\n);",
              "err": {},
              "uuid": "d8f1b76c-93a0-4cae-b4ef-07af3982df81",
              "parentUUID": "68e2c7bf-24c2-4b21-877d-b2c784c107a1",
              "isHook": false,
              "skipped": false
            },
            {
              "title": "Crear curso con precio inválido (prueba negativa)",
              "fullTitle": "Pruebas CRUD de Cursos Crear curso con precio inválido (prueba negativa)",
              "timedOut": false,
              "duration": 2824,
              "state": "passed",
              "speed": "slow",
              "pass": true,
              "fail": false,
              "pending": false,
              "context": null,
              "code": "await driver.get(\"http://localhost:3000/cursos\");\nawait driver.findElement(By.id(\"btn-nuevo\")).click();\nawait driver.sleep(500);\nawait driver.findElement(By.name(\"nombre\")).sendKeys(\"Curso Error\");\nawait driver.findElement(By.name(\"duracion\")).sendKeys(\"5\");\nawait driver.findElement(By.name(\"instructor\")).sendKeys(\"Instructor Y\");\nawait driver.findElement(By.name(\"precio\")).sendKeys(\"abc\");\nawait driver.findElement(By.id(\"btn-guardar-curso\")).click();\nawait driver.sleep(1200);\nconst image = await driver.takeScreenshot();\nfs.writeFileSync(\n  \"./tests/screenshots/cursos_invalid_price.png\",\n  image,\n  \"base64\"\n);",
              "err": {},
              "uuid": "e18eff17-dccc-43f2-a448-6a1335529d21",
              "parentUUID": "68e2c7bf-24c2-4b21-877d-b2c784c107a1",
              "isHook": false,
              "skipped": false
            },
            {
              "title": "Editar curso correctamente",
              "fullTitle": "Pruebas CRUD de Cursos Editar curso correctamente",
              "timedOut": false,
              "duration": 3020,
              "state": "passed",
              "speed": "slow",
              "pass": true,
              "fail": false,
              "pending": false,
              "context": null,
              "code": "await driver.get(\"http://localhost:3000/cursos\");\n// Tomamos el primer botón de editar\nconst botonEditar = await driver.findElement(By.css(\"button.btn-warning\"));\nbotonEditar.click();\nawait driver.sleep(500);\nconst inputNombre = await driver.findElement(By.name(\"nombre\"));\nawait inputNombre.clear();\nawait inputNombre.sendKeys(\"Curso Editado\");\nawait driver.findElement(By.id(\"btn-guardar-curso\")).click();\nawait driver.sleep(1200);\nconst image = await driver.takeScreenshot();\nfs.writeFileSync(\"./tests/screenshots/cursos_edit_ok.png\", image, \"base64\");",
              "err": {},
              "uuid": "e88016e7-4b14-499c-a1c2-aea5308f222b",
              "parentUUID": "68e2c7bf-24c2-4b21-877d-b2c784c107a1",
              "isHook": false,
              "skipped": false
            },
            {
              "title": "Eliminar curso correctamente",
              "fullTitle": "Pruebas CRUD de Cursos Eliminar curso correctamente",
              "timedOut": false,
              "duration": 2353,
              "state": "passed",
              "speed": "slow",
              "pass": true,
              "fail": false,
              "pending": false,
              "context": null,
              "code": "await driver.get(\"http://localhost:3000/cursos\");\n// Esperar a que la tabla cargue\nawait driver.wait(\n  until.elementLocated(By.css(\"#tabla-cursos button.btn-danger\")),\n  5000\n);\nconst botonEliminar = await driver.findElement(\n  By.css(\"#tabla-cursos button.btn-danger\")\n);\nbotonEliminar.click();\nawait driver.sleep(800);\nconst confirmBtn = await driver.findElement(By.css(\".ajs-ok\"));\nconfirmBtn.click();\nawait driver.sleep(1200);\nconst image = await driver.takeScreenshot();\nfs.writeFileSync(\"./tests/screenshots/cursos_delete_ok.png\", image, \"base64\");",
              "err": {},
              "uuid": "18d541ce-83c5-42cf-a194-47aa09944f2e",
              "parentUUID": "68e2c7bf-24c2-4b21-877d-b2c784c107a1",
              "isHook": false,
              "skipped": false
            },
            {
              "title": "No debe permitir nombre vacío (límite)",
              "fullTitle": "Pruebas CRUD de Cursos No debe permitir nombre vacío (límite)",
              "timedOut": false,
              "duration": 3126,
              "state": "passed",
              "speed": "slow",
              "pass": true,
              "fail": false,
              "pending": false,
              "context": null,
              "code": "await driver.get(\"http://localhost:3000/cursos\");\nawait driver.findElement(By.id(\"btn-nuevo\")).click();\nawait driver.sleep(500);\n// NO llenamos el nombre\nawait driver.findElement(By.name(\"duracion\")).sendKeys(\"3\");\nawait driver.findElement(By.name(\"instructor\")).sendKeys(\"Profesor Z\");\nawait driver.findElement(By.name(\"precio\")).sendKeys(\"150\");\nawait driver.findElement(By.id(\"btn-guardar-curso\")).click();\nawait driver.sleep(1200);\nconst image = await driver.takeScreenshot();\nfs.writeFileSync(\n  \"./tests/screenshots/cursos_limit_fail.png\",\n  image,\n  \"base64\"\n);",
              "err": {},
              "uuid": "9d0a9d55-bd76-4694-84a1-a1c6e4f7a0a1",
              "parentUUID": "68e2c7bf-24c2-4b21-877d-b2c784c107a1",
              "isHook": false,
              "skipped": false
            }
          ],
          "suites": [],
          "passes": [
            "d8f1b76c-93a0-4cae-b4ef-07af3982df81",
            "e18eff17-dccc-43f2-a448-6a1335529d21",
            "e88016e7-4b14-499c-a1c2-aea5308f222b",
            "18d541ce-83c5-42cf-a194-47aa09944f2e",
            "9d0a9d55-bd76-4694-84a1-a1c6e4f7a0a1"
          ],
          "failures": [],
          "pending": [],
          "skipped": [],
          "duration": 14313,
          "root": false,
          "rootEmpty": false,
          "_timeout": 40000
        }
      ],
      "passes": [],
      "failures": [],
      "pending": [],
      "skipped": [],
      "duration": 0,
      "root": true,
      "rootEmpty": true,
      "_timeout": 2000
    }
  ],
  "meta": {
    "mocha": {
      "version": "11.7.5"
    },
    "mochawesome": {
      "options": {
        "quiet": false,
        "reportFilename": "mochawesome",
        "saveHtml": true,
        "saveJson": true,
        "consoleReporter": "spec",
        "useInlineDiffs": false,
        "code": true
      },
      "version": "7.1.4"
    },
    "marge": {
      "options": null,
      "version": "6.3.2"
    }
  }
}