{
  "stats": {
    "suites": 2,
    "tests": 7,
    "passes": 6,
    "pending": 0,
    "failures": 1,
    "start": "2025-12-01T04:10:42.581Z",
    "end": "2025-12-01T04:11:17.099Z",
    "duration": 34518,
    "testsRegistered": 7,
    "passPercent": 85.71428571428571,
    "pendingPercent": 0,
    "other": 0,
    "hasOther": false,
    "skipped": 0,
    "hasSkipped": false
  },
  "results": [
    {
      "uuid": "91f0a98a-f2cf-409d-a8a2-d02241458296",
      "title": "",
      "fullFile": "",
      "file": "",
      "beforeHooks": [],
      "afterHooks": [],
      "tests": [],
      "suites": [
        {
          "uuid": "e33e0f4d-045e-40c4-a872-cb8428d8d527",
          "title": "Pruebas de Login",
          "fullFile": "C:\\Users\\LENOVO\\OneDrive\\Escritorio\\ITLA\\5to Cuatrimestre\\Programacion III\\codigos\\Tarea4\\tests\\01_login.test.js",
          "file": "\\tests\\01_login.test.js",
          "beforeHooks": [
            {
              "title": "\"before all\" hook in \"Pruebas de Login\"",
              "fullTitle": "Pruebas de Login \"before all\" hook in \"Pruebas de Login\"",
              "timedOut": false,
              "duration": 1506,
              "state": null,
              "speed": null,
              "pass": false,
              "fail": false,
              "pending": false,
              "context": null,
              "code": "driver = await buildDriver();",
              "err": {},
              "uuid": "13c70097-01c8-4e5f-9da6-ce485359ed81",
              "parentUUID": "e33e0f4d-045e-40c4-a872-cb8428d8d527",
              "isHook": true,
              "skipped": false
            }
          ],
          "afterHooks": [
            {
              "title": "\"after all\" hook in \"Pruebas de Login\"",
              "fullTitle": "Pruebas de Login \"after all\" hook in \"Pruebas de Login\"",
              "timedOut": false,
              "duration": 640,
              "state": null,
              "speed": null,
              "pass": false,
              "fail": false,
              "pending": false,
              "context": null,
              "code": "if (driver) await driver.quit();",
              "err": {},
              "uuid": "3fde404d-c441-40f7-9d06-d228976eb8a5",
              "parentUUID": "e33e0f4d-045e-40c4-a872-cb8428d8d527",
              "isHook": true,
              "skipped": false
            }
          ],
          "tests": [
            {
              "title": "Camino feliz: iniciar sesión correctamente",
              "fullTitle": "Pruebas de Login Camino feliz: iniciar sesión correctamente",
              "timedOut": false,
              "duration": 2408,
              "state": "passed",
              "speed": "slow",
              "pass": true,
              "fail": false,
              "pending": false,
              "context": null,
              "code": "await driver.get(\"http://localhost:3000/login\");\nawait driver.findElement(By.name(\"username\")).sendKeys(\"admin1\");\nawait driver.findElement(By.name(\"password\")).sendKeys(\"1234567\");\nawait driver.findElement(By.css(\"button[type=submit]\")).click();\nawait driver.wait(until.urlIs(\"http://localhost:3000/\"), 5000);\nconst image = await driver.takeScreenshot();\nfs.writeFileSync(\"./tests/screenshots/login_ok.png\", image, \"base64\");",
              "err": {},
              "uuid": "c0e750e0-22bb-48a9-b864-c757d52c5428",
              "parentUUID": "e33e0f4d-045e-40c4-a872-cb8428d8d527",
              "isHook": false,
              "skipped": false
            },
            {
              "title": "Prueba negativa: contraseña incorrecta",
              "fullTitle": "Pruebas de Login Prueba negativa: contraseña incorrecta",
              "timedOut": false,
              "duration": 10540,
              "state": "passed",
              "speed": "slow",
              "pass": true,
              "fail": false,
              "pending": false,
              "context": null,
              "code": "await driver.get(\"http://localhost:3000/logout\");\nawait driver.get(\"http://localhost:3000/login\");\nawait driver.findElement(By.name(\"username\")).sendKeys(\"admin1\");\nawait driver.findElement(By.name(\"password\")).sendKeys(\"wrongpass\");\nawait driver.findElement(By.css(\"button[type=submit]\")).click();\n// 🔥 Esperar a que exista el div.alert\nconst alert = await driver.wait(\n  until.elementLocated(By.css(\".alert\")),\n  10000 // más tiempo\n);\n// 🔥 Esperar que alert tenga texto (render completo)\nawait driver.wait(async () => {\n  const txt = await alert.getText();\n  return txt.trim().length > 0;\n}, 5000);\nconst text = await alert.getText();\nif (!text.includes(\"incorrecta\") && !text.includes(\"no encontrado\")) {\n  throw new Error(\"Mensaje incorrecto\");\n}\nconst image = await driver.takeScreenshot();\nfs.writeFileSync(\"./tests/screenshots/login_fail.png\", image, \"base64\");",
              "err": {},
              "uuid": "46b36958-02cc-498c-84ee-b3e3a2068d70",
              "parentUUID": "e33e0f4d-045e-40c4-a872-cb8428d8d527",
              "isHook": false,
              "skipped": false
            }
          ],
          "suites": [],
          "passes": [
            "c0e750e0-22bb-48a9-b864-c757d52c5428",
            "46b36958-02cc-498c-84ee-b3e3a2068d70"
          ],
          "failures": [],
          "pending": [],
          "skipped": [],
          "duration": 12948,
          "root": false,
          "rootEmpty": false,
          "_timeout": 20000
        },
        {
          "uuid": "95451f2a-e1cb-49ce-b342-157c0cf52edc",
          "title": "Pruebas CRUD de Cursos",
          "fullFile": "C:\\Users\\LENOVO\\OneDrive\\Escritorio\\ITLA\\5to Cuatrimestre\\Programacion III\\codigos\\Tarea4\\tests\\02_cursos.test.js",
          "file": "\\tests\\02_cursos.test.js",
          "beforeHooks": [
            {
              "title": "\"before all\" hook in \"Pruebas CRUD de Cursos\"",
              "fullTitle": "Pruebas CRUD de Cursos \"before all\" hook in \"Pruebas CRUD de Cursos\"",
              "timedOut": false,
              "duration": 4787,
              "state": null,
              "speed": null,
              "pass": false,
              "fail": false,
              "pending": false,
              "context": null,
              "code": "driver = await buildDriver();\n// Login antes de trabajar CRUD\nawait driver.get(\"http://localhost:3000/login\");\nawait driver.findElement(By.name(\"username\")).sendKeys(\"admin1\");\nawait driver.findElement(By.name(\"password\")).sendKeys(\"1234567\");\nawait driver.findElement(By.css(\"button[type=submit]\")).click();\nawait driver.wait(until.urlIs(\"http://localhost:3000/\"), 5000);",
              "err": {},
              "uuid": "7a5c5793-997e-411b-b8f3-2b5e129da43d",
              "parentUUID": "95451f2a-e1cb-49ce-b342-157c0cf52edc",
              "isHook": true,
              "skipped": false
            }
          ],
          "afterHooks": [
            {
              "title": "\"after all\" hook in \"Pruebas CRUD de Cursos\"",
              "fullTitle": "Pruebas CRUD de Cursos \"after all\" hook in \"Pruebas CRUD de Cursos\"",
              "timedOut": false,
              "duration": 1273,
              "state": null,
              "speed": null,
              "pass": false,
              "fail": false,
              "pending": false,
              "context": null,
              "code": "if (driver) await driver.quit();",
              "err": {},
              "uuid": "c690a979-3175-43f9-86f7-b3facfc9d327",
              "parentUUID": "95451f2a-e1cb-49ce-b342-157c0cf52edc",
              "isHook": true,
              "skipped": false
            }
          ],
          "tests": [
            {
              "title": "Crear curso correctamente",
              "fullTitle": "Pruebas CRUD de Cursos Crear curso correctamente",
              "timedOut": false,
              "duration": 3163,
              "state": "passed",
              "speed": "slow",
              "pass": true,
              "fail": false,
              "pending": false,
              "context": null,
              "code": "await driver.get(\"http://localhost:3000/cursos\");\nawait driver.findElement(By.id(\"btn-nuevo\")).click();\nawait driver.sleep(500);\nawait driver.findElement(By.name(\"nombre\")).sendKeys(\"Curso Selenium\");\nawait driver.findElement(By.name(\"duracion\")).sendKeys(\"10\");\nawait driver.findElement(By.name(\"instructor\")).sendKeys(\"Profesor X\");\nawait driver.findElement(By.name(\"precio\")).sendKeys(\"1200\");\n// Guardar\nawait driver.findElement(By.id(\"btn-guardar-curso\")).click();\nawait driver.sleep(1500); \nconst image = await driver.takeScreenshot();\nfs.writeFileSync(\"./tests/screenshots/cursos_create_ok.png\", image, \"base64\");",
              "err": {},
              "uuid": "d1cd3938-28ce-4564-998e-4933568a88ee",
              "parentUUID": "95451f2a-e1cb-49ce-b342-157c0cf52edc",
              "isHook": false,
              "skipped": false
            },
            {
              "title": "Crear curso con precio inválido (prueba negativa)",
              "fullTitle": "Pruebas CRUD de Cursos Crear curso con precio inválido (prueba negativa)",
              "timedOut": false,
              "duration": 2793,
              "state": "passed",
              "speed": "slow",
              "pass": true,
              "fail": false,
              "pending": false,
              "context": null,
              "code": "await driver.get(\"http://localhost:3000/cursos\");\nawait driver.findElement(By.id(\"btn-nuevo\")).click();\nawait driver.sleep(500);\nawait driver.findElement(By.name(\"nombre\")).sendKeys(\"Curso Error\");\nawait driver.findElement(By.name(\"duracion\")).sendKeys(\"5\");\nawait driver.findElement(By.name(\"instructor\")).sendKeys(\"Instructor Y\");\nawait driver.findElement(By.name(\"precio\")).sendKeys(\"abc\"); \nawait driver.findElement(By.id(\"btn-guardar-curso\")).click();\nawait driver.sleep(1200);\nconst image = await driver.takeScreenshot();\nfs.writeFileSync(\"./tests/screenshots/cursos_invalid_price.png\", image, \"base64\");",
              "err": {},
              "uuid": "4a167dc6-374a-4bc5-a92e-1e802a8f48b8",
              "parentUUID": "95451f2a-e1cb-49ce-b342-157c0cf52edc",
              "isHook": false,
              "skipped": false
            },
            {
              "title": "Editar curso correctamente",
              "fullTitle": "Pruebas CRUD de Cursos Editar curso correctamente",
              "timedOut": false,
              "duration": 2910,
              "state": "passed",
              "speed": "slow",
              "pass": true,
              "fail": false,
              "pending": false,
              "context": null,
              "code": "await driver.get(\"http://localhost:3000/cursos\");\n// Tomamos el primer botón de editar\nconst botonEditar = await driver.findElement(By.css(\"button.btn-warning\"));\nbotonEditar.click();\nawait driver.sleep(500);\nconst inputNombre = await driver.findElement(By.name(\"nombre\"));\nawait inputNombre.clear();\nawait inputNombre.sendKeys(\"Curso Editado\");\nawait driver.findElement(By.id(\"btn-guardar-curso\")).click();\nawait driver.sleep(1200);\nconst image = await driver.takeScreenshot();\nfs.writeFileSync(\"./tests/screenshots/cursos_edit_ok.png\", image, \"base64\");",
              "err": {},
              "uuid": "70ef1de8-be85-4fab-be65-4c21b419cbc4",
              "parentUUID": "95451f2a-e1cb-49ce-b342-157c0cf52edc",
              "isHook": false,
              "skipped": false
            },
            {
              "title": "Eliminar curso correctamente",
              "fullTitle": "Pruebas CRUD de Cursos Eliminar curso correctamente",
              "timedOut": false,
              "duration": 206,
              "state": "failed",
              "speed": null,
              "pass": false,
              "fail": true,
              "pending": false,
              "context": null,
              "code": "await driver.get(\"http://localhost:3000/cursos\");\n// Tomamos el primer botón de eliminar\nconst botonEliminar = await driver.findElement(By.css(\"button.btn-danger\"));\nbotonEliminar.click();\nawait driver.sleep(1000);\n// Confirmar alertify\nconst confirmBtn = await driver.findElement(By.css(\".ajs-ok\"));\nconfirmBtn.click();\nawait driver.sleep(1500);\nconst image = await driver.takeScreenshot();\nfs.writeFileSync(\"./tests/screenshots/cursos_delete_ok.png\", image, \"base64\");",
              "err": {
                "message": "NoSuchElementError: no such element: Unable to locate element: {\"method\":\"css selector\",\"selector\":\"button.btn-danger\"}\n  (Session info: chrome=142.0.7444.176)",
                "estack": "NoSuchElementError: no such element: Unable to locate element: {\"method\":\"css selector\",\"selector\":\"button.btn-danger\"}\n  (Session info: chrome=142.0.7444.176)\n    at Object.throwDecodedError (node_modules\\selenium-webdriver\\lib\\error.js:523:15)\n    at parseHttpResponse (node_modules\\selenium-webdriver\\lib\\http.js:524:13)\n    at Executor.execute (node_modules\\selenium-webdriver\\lib\\http.js:456:28)\n    at process.processTicksAndRejections (node:internal/process/task_queues:105:5)\n    at async Driver.execute (node_modules\\selenium-webdriver\\lib\\webdriver.js:745:17)\n    at async Context.<anonymous> (file:///C:/Users/LENOVO/OneDrive/Escritorio/ITLA/5to%20Cuatrimestre/Programacion%20III/codigos/Tarea4/tests/02_cursos.test.js:98:27)",
                "diff": null
              },
              "uuid": "c171f972-dde8-438c-b4e2-b14251d692da",
              "parentUUID": "95451f2a-e1cb-49ce-b342-157c0cf52edc",
              "isHook": false,
              "skipped": false
            },
            {
              "title": "No debe permitir nombre vacío (límite)",
              "fullTitle": "Pruebas CRUD de Cursos No debe permitir nombre vacío (límite)",
              "timedOut": false,
              "duration": 4248,
              "state": "passed",
              "speed": "slow",
              "pass": true,
              "fail": false,
              "pending": false,
              "context": null,
              "code": "await driver.get(\"http://localhost:3000/cursos\");\nawait driver.findElement(By.id(\"btn-nuevo\")).click();\nawait driver.sleep(500);\n// NO llenamos el nombre\nawait driver.findElement(By.name(\"duracion\")).sendKeys(\"3\");\nawait driver.findElement(By.name(\"instructor\")).sendKeys(\"Profesor Z\");\nawait driver.findElement(By.name(\"precio\")).sendKeys(\"150\");\nawait driver.findElement(By.id(\"btn-guardar-curso\")).click();\nawait driver.sleep(1200);\nconst image = await driver.takeScreenshot();\nfs.writeFileSync(\"./tests/screenshots/cursos_limit_fail.png\", image, \"base64\");",
              "err": {},
              "uuid": "04929d46-786b-47c2-8cf1-df1d9e6c5f55",
              "parentUUID": "95451f2a-e1cb-49ce-b342-157c0cf52edc",
              "isHook": false,
              "skipped": false
            }
          ],
          "suites": [],
          "passes": [
            "d1cd3938-28ce-4564-998e-4933568a88ee",
            "4a167dc6-374a-4bc5-a92e-1e802a8f48b8",
            "70ef1de8-be85-4fab-be65-4c21b419cbc4",
            "04929d46-786b-47c2-8cf1-df1d9e6c5f55"
          ],
          "failures": [
            "c171f972-dde8-438c-b4e2-b14251d692da"
          ],
          "pending": [],
          "skipped": [],
          "duration": 13320,
          "root": false,
          "rootEmpty": false,
          "_timeout": 40000
        }
      ],
      "passes": [],
      "failures": [],
      "pending": [],
      "skipped": [],
      "duration": 0,
      "root": true,
      "rootEmpty": true,
      "_timeout": 2000
    }
  ],
  "meta": {
    "mocha": {
      "version": "11.7.5"
    },
    "mochawesome": {
      "options": {
        "quiet": false,
        "reportFilename": "mochawesome",
        "saveHtml": true,
        "saveJson": true,
        "consoleReporter": "spec",
        "useInlineDiffs": false,
        "code": true
      },
      "version": "7.1.4"
    },
    "marge": {
      "options": null,
      "version": "6.3.2"
    }
  }
}